<?xml version="1.0" encoding="UTF-8"?>
<robot generator="Robot 4.0 (Python 3.8.5 on linux)" generated="20210406 18:52:04.927" rpa="false" schemaversion="2">
<suite id="s1" name="Rb" source="/home/a67645/Desktop/LEI2021_navegacao_segura/rb.py">
<test id="s1-t1" name="LoginTest">
<kw name="Open Browser">
<arg>${URL}</arg>
<msg timestamp="20210406 18:52:04.951" level="FAIL">No keyword with name 'Open Browser' found.</msg>
<status status="FAIL" starttime="20210406 18:52:04.951" endtime="20210406 18:52:04.951"/>
</kw>
<kw name="Maximize Browser Window">
<status status="NOT RUN" starttime="20210406 18:52:04.955" endtime="20210406 18:52:04.955"/>
</kw>
<kw name="acessogoogle">
<status status="NOT RUN" starttime="20210406 18:52:04.955" endtime="20210406 18:52:04.955"/>
</kw>
<kw name="Close Browser">
<status status="NOT RUN" starttime="20210406 18:52:04.956" endtime="20210406 18:52:04.956"/>
</kw>
<status status="FAIL" starttime="20210406 18:52:04.950" endtime="20210406 18:52:04.956">No keyword with name 'Open Browser' found.</status>
</test>
<status status="FAIL" starttime="20210406 18:52:04.928" endtime="20210406 18:52:04.957"/>
</suite>
<statistics>
<total>
<stat pass="0" fail="1" skip="0">All Tests</stat>
</total>
<tag>
</tag>
<suite>
<stat pass="0" fail="1" skip="0" id="s1" name="Rb">Rb</stat>
</suite>
</statistics>
<errors>
<msg timestamp="20210406 18:52:04.922" level="WARN">Command line options --critical and --noncritical have been deprecated. Use --skiponfailure instead.</msg>
<msg timestamp="20210406 18:52:04.949" level="ERROR">Error in file '/home/a67645/Desktop/LEI2021_navegacao_segura/rb.py' on line 2: Importing library 'SeleniumLibrary' failed: ModuleNotFoundError: No module named 'SeleniumLibrary'
Traceback (most recent call last):
  None
PYTHONPATH:
  /home/a67645/.local/bin
  /usr/lib/python38.zip
  /usr/lib/python3.8
  /usr/lib/python3.8/lib-dynload
  /home/a67645/.local/lib/python3.8/site-packages
  /usr/local/lib/python3.8/dist-packages
  /usr/lib/python3/dist-packages</msg>
</errors>
</robot>
